Start testing: Mar 09 18:14 ora solare Europa occidentale
----------------------------------------------------------
Test not available without configuration.  (Missing "-C <config>"?)
1/1 Testing: TestUnitTest++
1/1 Test: TestUnitTest++
Command: "NOT_AVAILABLE"
Directory: C:/Users/User/Documents/aquila_prova/aquila-build/lib/unittestpp
"TestUnitTest++" start time: 
Output:
----------------------------------------------------------
<end of output>
Test time =   0.00 sec
----------------------------------------------------------
Test Passed.
"TestUnitTest++" end time: Mar 09 18:14 ora solare Europa occidentale
"TestUnitTest++" time elapsed: 00:00:00
----------------------------------------------------------

End testing: Mar 09 18:14 ora solare Europa occidentale
